⚠️ Human file missing for F12_GENE
⚠️ Hippopotamus file missing for F12_GENE
⚠️ Human file missing for F12GENE
⚠️ Human file missing for F12_gene
⚠️ Hippopotamus file missing for F12_gene
⚠️ Human file missing for F12_gene
⚠️ Hippopotamus file missing for F12_gene
⚠️ Hippopotamus file missing for F12GENE
⚠️ Human file missing for F12
⚠️ Hippopotamus file missing for F12
⚠️ Human file missing for F12_gene
⚠️ Hippopotamus file missing for F12_gene
⚠️ Human file missing for SLC6A18
⚠️ Hippopotamus file missing for SLC6A18
⚠️ Hippopotamus file missing for DEFB134
⚠️ Hippopotamus file missing for PGLYRP3
⚠️ Human file missing for NQO1
⚠️ Human file missing for SERPINB7
⚠️ Hippopotamus file missing for SERPINB7
⚠️ Human file missing for SEC14L3
⚠️ Hippopotamus file missing for SEC14L3
⚠️ Hippopotamus file missing for PGLYRP1
⚠️ Hippopotamus file missing for WDR49
⚠️ Hippopotamus file missing for CPA4
⚠️ Hippopotamus file missing for PSORS1C2
⚠️ Hippopotamus file missing for GLYATL3
⚠️ Hippopotamus file missing for CAPN13
⚠️ Hippopotamus file missing for ASIC5
⚠️ Hippopotamus file missing for PON1
⚠️ Hippopotamus file missing for HSD17B11
⚠️ Hippopotamus file missing for FCGR1A
⚠️ Hippopotamus file missing for LYPD2
⚠️ Hippopotamus file missing for NOX1
⚠️ Hippopotamus file missing for PTGR1
⚠️ Hippopotamus file missing for IRGC
⚠️ Hippopotamus file missing for NR1I3
⚠️ Hippopotamus file missing for SLC47A1
⚠️ Hippopotamus file missing for MSS51
⚠️ Hippopotamus file missing for C16orf90
⚠️ Hippopotamus file missing for DNAJC22
⚠️ Hippopotamus file missing for IL31RA
⚠️ Hippopotamus file missing for FMO1
⚠️ Hippopotamus file missing for FAM149A
⚠️ Hippopotamus file missing for AANAT
⚠️ Hippopotamus file missing for ANXA9
⚠️ Hippopotamus file missing for IL1F10
⚠️ Hippopotamus file missing for HMGCS2
⚠️ Hippopotamus file missing for ELOVL3
⚠️ Hippopotamus file missing for MAP3K19
⚠️ Hippopotamus file missing for QRFPR
⚠️ Hippopotamus file missing for ANKZF1
⚠️ Hippopotamus file missing for PGLYRP4
⚠️ Hippopotamus file missing for KLK11
⚠️ Human file missing for POLM
⚠️ Hippopotamus file missing for POLM
⚠️ Human file missing for F12
⚠️ Hippopotamus file missing for F12
⚠️ Hippopotamus file missing for SLC28A1
⚠️ Human file missing for F12
⚠️ Hippopotamus file missing for F12
⚠️ Human file missing for F12_gene
⚠️ Hippopotamus file missing for F12_gene
⚠️ Human file missing for F12GENE
⚠️ Human file missing for SLC6A18
⚠️ Hippopotamus file missing for SLC6A18
⚠️ Hippopotamus file missing for DEFB134
⚠️ Hippopotamus file missing for PGLYRP3
⚠️ Human file missing for NQO1
⚠️ Human file missing for SERPINB7
⚠️ Hippopotamus file missing for SERPINB7
⚠️ Human file missing for SEC14L3
⚠️ Hippopotamus file missing for SEC14L3
⚠️ Human file missing for F12_GENE
⚠️ Hippopotamus file missing for F12_GENE
⚠️ Hippopotamus file missing for PGLYRP1
⚠️ Hippopotamus file missing for WDR49
⚠️ Hippopotamus file missing for CPA4
⚠️ Hippopotamus file missing for PSORS1C2
⚠️ Hippopotamus file missing for GLYATL3
⚠️ Hippopotamus file missing for CAPN13
⚠️ Hippopotamus file missing for ASIC5
⚠️ Hippopotamus file missing for PON1
⚠️ Hippopotamus file missing for HSD17B11
⚠️ Hippopotamus file missing for FCGR1A
⚠️ Hippopotamus file missing for LYPD2
⚠️ Hippopotamus file missing for NOX1
⚠️ Hippopotamus file missing for PTGR1
⚠️ Hippopotamus file missing for IRGC
⚠️ Hippopotamus file missing for NR1I3
⚠️ Hippopotamus file missing for SLC47A1
⚠️ Hippopotamus file missing for MSS51
⚠️ Hippopotamus file missing for C16orf90
⚠️ Hippopotamus file missing for DNAJC22
⚠️ Hippopotamus file missing for IL31RA
⚠️ Hippopotamus file missing for FMO1
⚠️ Hippopotamus file missing for FAM149A
⚠️ Hippopotamus file missing for AANAT
⚠️ Hippopotamus file missing for ANXA9
⚠️ Hippopotamus file missing for IL1F10
⚠️ Hippopotamus file missing for HMGCS2
⚠️ Hippopotamus file missing for ELOVL3
⚠️ Hippopotamus file missing for MAP3K19
⚠️ Hippopotamus file missing for QRFPR
⚠️ Hippopotamus file missing for ANKZF1
⚠️ Hippopotamus file missing for PGLYRP4
⚠️ Hippopotamus file missing for KLK11
⚠️ Human file missing for POLM
⚠️ Hippopotamus file missing for POLM
⚠️ Human file missing for F12
⚠️ Hippopotamus file missing for F12
⚠️ Hippopotamus file missing for SLC28A1
⚠️ Human file missing for SLC6A18
⚠️ Hippopotamus file missing for SLC6A18
⚠️ Human file missing for F12_GENE
⚠️ Hippopotamus file missing for MAP3K19
⚠️ Human file missing for F12_gene
⚠️ Hippopotamus file missing for F12_gene
⚠️ Human file missing for SLC6A18
⚠️ Hippopotamus file missing for SLC6A18
⚠️ Hippopotamus file missing for DEFB134
⚠️ Hippopotamus file missing for PGLYRP3
⚠️ Human file missing for NQO1
⚠️ Human file missing for SERPINB7
⚠️ Hippopotamus file missing for SERPINB7
⚠️ Human file missing for SEC14L3
⚠️ Hippopotamus file missing for SEC14L3
⚠️ Hippopotamus file missing for PGLYRP1
⚠️ Hippopotamus file missing for WDR49
⚠️ Hippopotamus file missing for CPA4
⚠️ Hippopotamus file missing for PSORS1C2
⚠️ Hippopotamus file missing for GLYATL3
⚠️ Hippopotamus file missing for CAPN13
⚠️ Hippopotamus file missing for ASIC5
⚠️ Hippopotamus file missing for PON1
⚠️ Hippopotamus file missing for HSD17B11
⚠️ Hippopotamus file missing for FCGR1A
⚠️ Hippopotamus file missing for LYPD2
⚠️ Hippopotamus file missing for NOX1
⚠️ Hippopotamus file missing for PTGR1
⚠️ Hippopotamus file missing for F12 GENE
⚠️ Hippopotamus file missing for IRGC
⚠️ Hippopotamus file missing for NR1I3
⚠️ Hippopotamus file missing for SLC47A1
⚠️ Hippopotamus file missing for MSS51
⚠️ Hippopotamus file missing for C16orf90
⚠️ Hippopotamus file missing for DNAJC22
⚠️ Hippopotamus file missing for IL31RA
⚠️ Hippopotamus file missing for FMO1
⚠️ Hippopotamus file missing for FAM149A
⚠️ Hippopotamus file missing for AANAT
⚠️ Hippopotamus file missing for ANXA9
⚠️ Hippopotamus file missing for IL1F10
⚠️ Hippopotamus file missing for HMGCS2
⚠️ Hippopotamus file missing for ELOVL3
⚠️ Hippopotamus file missing for MAP3K19
⚠️ Hippopotamus file missing for QRFPR
⚠️ Hippopotamus file missing for ANKZF1
⚠️ Hippopotamus file missing for PGLYRP4
⚠️ Hippopotamus file missing for KLK11
⚠️ Human file missing for POLM
⚠️ Hippopotamus file missing for POLM
⚠️ Human file missing for F12
⚠️ Hippopotamus file missing for F12
⚠️ Hippopotamus file missing for SLC28A1
⚠️ Human file missing for SLC6A18
⚠️ Hippopotamus file missing for SLC6A18
⚠️ Human file missing for F12_ GENE
⚠️ Hippopotamus file missing for F12_ GENE
⚠️ Hippopotamus file missing for DEFB134
⚠️ Hippopotamus file missing for PGLYRP3
⚠️ Human file missing for NQO1
⚠️ Human file missing for SERPINB7
⚠️ Hippopotamus file missing for SERPINB7
⚠️ Human file missing for SEC14L3
⚠️ Hippopotamus file missing for SEC14L3
⚠️ Hippopotamus file missing for PGLYRP1
⚠️ Hippopotamus file missing for WDR49
⚠️ Hippopotamus file missing for CPA4
⚠️ Hippopotamus file missing for PSORS1C2
⚠️ Hippopotamus file missing for GLYATL3
⚠️ Hippopotamus file missing for CAPN13
⚠️ Hippopotamus file missing for ASIC5
⚠️ Hippopotamus file missing for PON1
⚠️ Hippopotamus file missing for HSD17B11
⚠️ Hippopotamus file missing for FCGR1A
⚠️ Hippopotamus file missing for LYPD2
⚠️ Hippopotamus file missing for NOX1
⚠️ Hippopotamus file missing for PTGR1
⚠️ Hippopotamus file missing for IRGC
⚠️ Hippopotamus file missing for NR1I3
⚠️ Hippopotamus file missing for SLC47A1
⚠️ Hippopotamus file missing for MSS51
⚠️ Hippopotamus file missing for C16orf90
⚠️ Hippopotamus file missing for DNAJC22
⚠️ Hippopotamus file missing for IL31RA
⚠️ Hippopotamus file missing for FMO1
⚠️ Hippopotamus file missing for FAM149A
⚠️ Hippopotamus file missing for AANAT
⚠️ Hippopotamus file missing for ANXA9
⚠️ Hippopotamus file missing for IL1F10
⚠️ Hippopotamus file missing for HMGCS2
⚠️ Hippopotamus file missing for ELOVL3
⚠️ Hippopotamus file missing for MAP3K19
⚠️ Hippopotamus file missing for QRFPR
⚠️ Hippopotamus file missing for ANKZF1
⚠️ Hippopotamus file missing for PGLYRP4
⚠️ Hippopotamus file missing for KLK11
⚠️ Human file missing for POLM
⚠️ Hippopotamus file missing for POLM
⚠️ Human file missing for F12
⚠️ Hippopotamus file missing for F12
⚠️ Hippopotamus file missing for SLC28A1
⚠️ Human file missing for F12GENE
⚠️ Hippopotamus file missing for F12GENE
⚠️ Human file missing for F12
⚠️ Hippopotamus file missing for F12
⚠️ Human file missing for F12
⚠️ Hippopotamus file missing for F12
⚠️ Human file missing for F12
⚠️ Hippopotamus file missing for F12
⚠️ Human file missing for F12GENE
⚠️ Hippopotamus file missing for F12GENE
⚠️ Human file missing for SLC6A18
⚠️ Hippopotamus file missing for SLC6A18
⚠️ Hippopotamus file missing for DEFB134
⚠️ Hippopotamus file missing for PGLYRP3
⚠️ Human file missing for NQO1
⚠️ Human file missing for SERPINB7
⚠️ Hippopotamus file missing for SERPINB7
⚠️ Human file missing for SEC14L3
⚠️ Hippopotamus file missing for SEC14L3
⚠️ Hippopotamus file missing for PGLYRP1
⚠️ Hippopotamus file missing for WDR49
⚠️ Hippopotamus file missing for CPA4
⚠️ Hippopotamus file missing for PSORS1C2
⚠️ Hippopotamus file missing for GLYATL3
⚠️ Hippopotamus file missing for CAPN13
⚠️ Hippopotamus file missing for ASIC5
⚠️ Hippopotamus file missing for PON1
⚠️ Hippopotamus file missing for HSD17B11
⚠️ Hippopotamus file missing for FCGR1A
⚠️ Hippopotamus file missing for LYPD2
⚠️ Hippopotamus file missing for NOX1
⚠️ Hippopotamus file missing for PTGR1
⚠️ Human file missing for F12GENE
⚠️ Hippopotamus file missing for F12GENE
⚠️ Hippopotamus file missing for IRGC
⚠️ Hippopotamus file missing for NR1I3
⚠️ Hippopotamus file missing for SLC47A1
⚠️ Hippopotamus file missing for MSS51
⚠️ Hippopotamus file missing for C16orf90
⚠️ Hippopotamus file missing for DNAJC22
⚠️ Hippopotamus file missing for IL31RA
⚠️ Hippopotamus file missing for FMO1
⚠️ Hippopotamus file missing for FAM149A
⚠️ Hippopotamus file missing for AANAT
⚠️ Hippopotamus file missing for ANXA9
⚠️ Hippopotamus file missing for IL1F10
⚠️ Hippopotamus file missing for HMGCS2
⚠️ Hippopotamus file missing for ELOVL3
⚠️ Hippopotamus file missing for MAP3K19
⚠️ Hippopotamus file missing for QRFPR
⚠️ Hippopotamus file missing for ANKZF1
⚠️ Hippopotamus file missing for PGLYRP4
⚠️ Hippopotamus file missing for KLK11
⚠️ Human file missing for POLM
⚠️ Hippopotamus file missing for POLM
⚠️ Human file missing for F12
⚠️ Hippopotamus file missing for F12
⚠️ Hippopotamus file missing for SLC28A1
⚠️ Human file missing for F12_gene
⚠️ Hippopotamus file missing for F12_gene
⚠️ Human file missing for F12
⚠️ Hippopotamus file missing for F12
⚠️ Human file missing for SLC6A18
⚠️ Hippopotamus file missing for SLC6A18
⚠️ Hippopotamus file missing for DEFB134
⚠️ Hippopotamus file missing for PGLYRP3
⚠️ Human file missing for NQO1
⚠️ Human file missing for SERPINB7
⚠️ Hippopotamus file missing for SERPINB7
⚠️ Human file missing for SEC14L3
⚠️ Hippopotamus file missing for SEC14L3
⚠️ Hippopotamus file missing for PGLYRP1
⚠️ Hippopotamus file missing for WDR49
⚠️ Hippopotamus file missing for CPA4
⚠️ Hippopotamus file missing for PSORS1C2
⚠️ Hippopotamus file missing for GLYATL3
⚠️ Hippopotamus file missing for CAPN13
⚠️ Hippopotamus file missing for ASIC5
⚠️ Hippopotamus file missing for PON1
⚠️ Hippopotamus file missing for HSD17B11
⚠️ Hippopotamus file missing for FCGR1A
⚠️ Hippopotamus file missing for LYPD2
⚠️ Hippopotamus file missing for NOX1
⚠️ Hippopotamus file missing for PTGR1
⚠️ Hippopotamus file missing for IRGC
⚠️ Hippopotamus file missing for NR1I3
⚠️ Hippopotamus file missing for SLC47A1
⚠️ Hippopotamus file missing for MSS51
⚠️ Hippopotamus file missing for C16orf90
⚠️ Hippopotamus file missing for DNAJC22
⚠️ Hippopotamus file missing for IL31RA
⚠️ Hippopotamus file missing for FMO1
⚠️ Hippopotamus file missing for FAM149A
⚠️ Hippopotamus file missing for AANAT
⚠️ Hippopotamus file missing for ANXA9
⚠️ Hippopotamus file missing for IL1F10
⚠️ Hippopotamus file missing for HMGCS2
⚠️ Hippopotamus file missing for ELOVL3
⚠️ Hippopotamus file missing for MAP3K19
⚠️ Hippopotamus file missing for QRFPR
⚠️ Hippopotamus file missing for ANKZF1
⚠️ Hippopotamus file missing for PGLYRP4
⚠️ Hippopotamus file missing for KLK11
⚠️ Human file missing for POLM
⚠️ Hippopotamus file missing for POLM
⚠️ Human file missing for F12
⚠️ Hippopotamus file missing for F12
⚠️ Hippopotamus file missing for SLC28A1
